<?xml version="1.0" encoding="UTF-8"?>
<testng-results ignored="0" total="9" passed="9" failed="0" skipped="0">
  <reporter-output>
  </reporter-output>
  <suite started-at="2025-12-11T19:15:55 IST" name="Selenium Suite" finished-at="2025-12-11T19:16:49 IST" duration-ms="54516">
    <groups>
      <group name="regression">
        <method signature="TagsTest.testtagsTest2()[pri:0, instance:tests.TagsTest@a8e6492]" name="testtagsTest2" class="tests.TagsTest"/>
        <method signature="TagsTest.testtagsTest3()[pri:0, instance:tests.TagsTest@a8e6492]" name="testtagsTest3" class="tests.TagsTest"/>
      </group> <!-- regression -->
      <group name="smoke">
        <method signature="TagsTest.testtagsTest1()[pri:0, instance:tests.TagsTest@a8e6492]" name="testtagsTest1" class="tests.TagsTest"/>
        <method signature="TagsTest.testtagsTest3()[pri:0, instance:tests.TagsTest@a8e6492]" name="testtagsTest3" class="tests.TagsTest"/>
      </group> <!-- smoke -->
    </groups>
    <test started-at="2025-12-11T19:15:55 IST" name="Selenium Test" finished-at="2025-12-11T19:16:49 IST" duration-ms="54516">
      <class name="tests.POMTest">
        <test-method is-config="true" signature="setUpBase()[pri:0, instance:tests.POMTest@ed3068a]" started-at="2025-12-11T19:16:17 IST" name="setUpBase" finished-at="2025-12-11T19:16:20 IST" duration-ms="2527" status="PASS">
          <reporter-output>
          </reporter-output>
        </test-method> <!-- setUpBase -->
        <test-method signature="testPOMTest()[pri:0, instance:tests.POMTest@ed3068a]" started-at="2025-12-11T19:16:20 IST" name="testPOMTest" finished-at="2025-12-11T19:16:21 IST" duration-ms="732" status="PASS">
          <reporter-output>
          </reporter-output>
        </test-method> <!-- testPOMTest -->
        <test-method is-config="true" signature="tearDownBase()[pri:0, instance:tests.POMTest@ed3068a]" started-at="2025-12-11T19:16:21 IST" name="tearDownBase" finished-at="2025-12-11T19:16:23 IST" duration-ms="2315" status="PASS">
          <reporter-output>
          </reporter-output>
        </test-method> <!-- tearDownBase -->
      </class> <!-- tests.POMTest -->
      <class name="tests.Exceltest">
        <test-method is-config="true" signature="setUpBase()[pri:0, instance:tests.Exceltest@ea9b7c6]" started-at="2025-12-11T19:16:04 IST" name="setUpBase" finished-at="2025-12-11T19:16:07 IST" duration-ms="3195" status="PASS">
          <reporter-output>
          </reporter-output>
        </test-method> <!-- setUpBase -->
        <test-method signature="testExceldata()[pri:0, instance:tests.Exceltest@ea9b7c6]" started-at="2025-12-11T19:16:07 IST" name="testExceldata" finished-at="2025-12-11T19:16:10 IST" duration-ms="2402" status="PASS">
          <reporter-output>
          </reporter-output>
        </test-method> <!-- testExceldata -->
        <test-method is-config="true" signature="tearDownBase()[pri:0, instance:tests.Exceltest@ea9b7c6]" started-at="2025-12-11T19:16:10 IST" name="tearDownBase" finished-at="2025-12-11T19:16:12 IST" duration-ms="2366" status="PASS">
          <reporter-output>
          </reporter-output>
        </test-method> <!-- tearDownBase -->
      </class> <!-- tests.Exceltest -->
      <class name="tests.ScreenshotTest">
        <test-method is-config="true" signature="setUpBase()[pri:0, instance:tests.ScreenshotTest@7c2b6087]" started-at="2025-12-11T19:16:23 IST" name="setUpBase" finished-at="2025-12-11T19:16:26 IST" duration-ms="3179" status="PASS">
          <reporter-output>
          </reporter-output>
        </test-method> <!-- setUpBase -->
        <test-method signature="testScreenshot()[pri:0, instance:tests.ScreenshotTest@7c2b6087]" started-at="2025-12-11T19:16:26 IST" name="testScreenshot" finished-at="2025-12-11T19:16:27 IST" duration-ms="868" status="PASS">
          <reporter-output>
          </reporter-output>
        </test-method> <!-- testScreenshot -->
        <test-method is-config="true" signature="tearDownBase()[pri:0, instance:tests.ScreenshotTest@7c2b6087]" started-at="2025-12-11T19:16:27 IST" name="tearDownBase" finished-at="2025-12-11T19:16:29 IST" duration-ms="2320" status="PASS">
          <reporter-output>
          </reporter-output>
        </test-method> <!-- tearDownBase -->
      </class> <!-- tests.ScreenshotTest -->
      <class name="tests.ActionHelperTest">
        <test-method is-config="true" signature="setUpBase()[pri:0, instance:tests.ActionHelperTest@5b444398]" started-at="2025-12-11T19:15:55 IST" name="setUpBase" finished-at="2025-12-11T19:16:01 IST" duration-ms="6476" status="PASS">
          <reporter-output>
          </reporter-output>
        </test-method> <!-- setUpBase -->
        <test-method signature="testActionHelperDemo()[pri:0, instance:tests.ActionHelperTest@5b444398]" started-at="2025-12-11T19:16:01 IST" name="testActionHelperDemo" finished-at="2025-12-11T19:16:02 IST" duration-ms="669" status="PASS">
          <reporter-output>
          </reporter-output>
        </test-method> <!-- testActionHelperDemo -->
        <test-method is-config="true" signature="tearDownBase()[pri:0, instance:tests.ActionHelperTest@5b444398]" started-at="2025-12-11T19:16:02 IST" name="tearDownBase" finished-at="2025-12-11T19:16:04 IST" duration-ms="2367" status="PASS">
          <reporter-output>
          </reporter-output>
        </test-method> <!-- tearDownBase -->
      </class> <!-- tests.ActionHelperTest -->
      <class name="tests.simpleTest">
        <test-method is-config="true" signature="setUpBase()[pri:0, instance:tests.simpleTest@3fffff43]" started-at="2025-12-11T19:16:29 IST" name="setUpBase" finished-at="2025-12-11T19:16:32 IST" duration-ms="2798" status="PASS">
          <reporter-output>
          </reporter-output>
        </test-method> <!-- setUpBase -->
        <test-method signature="testSimpleTestDemo()[pri:0, instance:tests.simpleTest@3fffff43]" started-at="2025-12-11T19:16:32 IST" name="testSimpleTestDemo" finished-at="2025-12-11T19:16:33 IST" duration-ms="603" status="PASS">
          <reporter-output>
          </reporter-output>
        </test-method> <!-- testSimpleTestDemo -->
        <test-method is-config="true" signature="tearDownBase()[pri:0, instance:tests.simpleTest@3fffff43]" started-at="2025-12-11T19:16:33 IST" name="tearDownBase" finished-at="2025-12-11T19:16:35 IST" duration-ms="2379" status="PASS">
          <reporter-output>
          </reporter-output>
        </test-method> <!-- tearDownBase -->
      </class> <!-- tests.simpleTest -->
      <class name="tests.JsonTest">
        <test-method is-config="true" signature="setUpBase()[pri:0, instance:tests.JsonTest@e077866]" started-at="2025-12-11T19:16:12 IST" name="setUpBase" finished-at="2025-12-11T19:16:15 IST" duration-ms="2639" status="PASS">
          <reporter-output>
          </reporter-output>
        </test-method> <!-- setUpBase -->
        <test-method signature="testJsondata()[pri:0, instance:tests.JsonTest@e077866]" started-at="2025-12-11T19:16:15 IST" name="testJsondata" finished-at="2025-12-11T19:16:15 IST" duration-ms="279" status="PASS">
          <reporter-output>
          </reporter-output>
        </test-method> <!-- testJsondata -->
        <test-method is-config="true" signature="tearDownBase()[pri:0, instance:tests.JsonTest@e077866]" started-at="2025-12-11T19:16:15 IST" name="tearDownBase" finished-at="2025-12-11T19:16:17 IST" duration-ms="2344" status="PASS">
          <reporter-output>
          </reporter-output>
        </test-method> <!-- tearDownBase -->
      </class> <!-- tests.JsonTest -->
      <class name="tests.TagsTest">
        <test-method is-config="true" signature="setUpBase()[pri:0, instance:tests.TagsTest@a8e6492]" started-at="2025-12-11T19:16:35 IST" name="setUpBase" finished-at="2025-12-11T19:16:38 IST" duration-ms="2641" status="PASS">
          <reporter-output>
          </reporter-output>
        </test-method> <!-- setUpBase -->
        <test-method signature="testtagsTest1()[pri:0, instance:tests.TagsTest@a8e6492]" started-at="2025-12-11T19:16:38 IST" name="testtagsTest1" finished-at="2025-12-11T19:16:38 IST" duration-ms="212" status="PASS">
          <reporter-output>
          </reporter-output>
        </test-method> <!-- testtagsTest1 -->
        <test-method is-config="true" signature="tearDownBase()[pri:0, instance:tests.TagsTest@a8e6492]" started-at="2025-12-11T19:16:38 IST" name="tearDownBase" finished-at="2025-12-11T19:16:40 IST" duration-ms="2387" status="PASS">
          <reporter-output>
          </reporter-output>
        </test-method> <!-- tearDownBase -->
        <test-method is-config="true" signature="setUpBase()[pri:0, instance:tests.TagsTest@a8e6492]" started-at="2025-12-11T19:16:40 IST" name="setUpBase" finished-at="2025-12-11T19:16:42 IST" duration-ms="1760" status="PASS">
          <reporter-output>
          </reporter-output>
        </test-method> <!-- setUpBase -->
        <test-method signature="testtagsTest2()[pri:0, instance:tests.TagsTest@a8e6492]" started-at="2025-12-11T19:16:42 IST" name="testtagsTest2" finished-at="2025-12-11T19:16:42 IST" duration-ms="168" status="PASS">
          <reporter-output>
          </reporter-output>
        </test-method> <!-- testtagsTest2 -->
        <test-method is-config="true" signature="tearDownBase()[pri:0, instance:tests.TagsTest@a8e6492]" started-at="2025-12-11T19:16:42 IST" name="tearDownBase" finished-at="2025-12-11T19:16:45 IST" duration-ms="2335" status="PASS">
          <reporter-output>
          </reporter-output>
        </test-method> <!-- tearDownBase -->
        <test-method is-config="true" signature="setUpBase()[pri:0, instance:tests.TagsTest@a8e6492]" started-at="2025-12-11T19:16:45 IST" name="setUpBase" finished-at="2025-12-11T19:16:46 IST" duration-ms="1763" status="PASS">
          <reporter-output>
          </reporter-output>
        </test-method> <!-- setUpBase -->
        <test-method signature="testtagsTest3()[pri:0, instance:tests.TagsTest@a8e6492]" started-at="2025-12-11T19:16:46 IST" name="testtagsTest3" finished-at="2025-12-11T19:16:47 IST" duration-ms="299" status="PASS">
          <reporter-output>
          </reporter-output>
        </test-method> <!-- testtagsTest3 -->
        <test-method is-config="true" signature="tearDownBase()[pri:0, instance:tests.TagsTest@a8e6492]" started-at="2025-12-11T19:16:47 IST" name="tearDownBase" finished-at="2025-12-11T19:16:49 IST" duration-ms="2357" status="PASS">
          <reporter-output>
          </reporter-output>
        </test-method> <!-- tearDownBase -->
      </class> <!-- tests.TagsTest -->
    </test> <!-- Selenium Test -->
  </suite> <!-- Selenium Suite -->
</testng-results>
