<?xml version="1.0" encoding="UTF-8"?>
<!-- Generated by org.testng.reporters.JUnitXMLReporter -->
<testsuite ignored="0" hostname="RohitSinha" failures="0" tests="3" name="Surefire test" time="18.046" errors="0" timestamp="2025-12-08T19:42:18 IST">
  <testcase classname="tests.TagsTest" name="testtagsTest1" time="0.365"/>
  <testcase classname="tests.TagsTest" name="testtagsTest2" time="0.227"/>
  <testcase classname="tests.TagsTest" name="testtagsTest3" time="0.311"/>
</testsuite> <!-- Surefire test -->
