<?xml version="1.0" encoding="UTF-8"?>
<!-- Generated by org.testng.reporters.JUnitReportReporter -->
<testsuite hostname="RohitSinha" failures="0" tests="3" name="tests.TagsTest" time="13.922" errors="0" timestamp="2025-12-11T19:16:50 IST" skipped="0">
  <testcase classname="tests.TagsTest" name="testtagsTest2" time="5.196"/>
  <testcase classname="tests.TagsTest" name="testtagsTest1" time="4.329"/>
  <testcase classname="tests.TagsTest" name="testtagsTest3" time="4.397"/>
</testsuite> <!-- tests.TagsTest -->
